The system is: Linux - 4.20.3-arch1-1-ARCH - x86_64
Compiling the CXX compiler identification source file "CMakeCXXCompilerId.cpp" succeeded.
Compiler: /opt/android-ndk/toolchains/llvm/prebuilt/linux-x86_64/bin/clang++ 
Build flags: 
Id flags:  

The output was:
0


Compilation of the CXX compiler identification source "CMakeCXXCompilerId.cpp" produced "a.out"

The CXX compiler identification is Clang, found in "/home/eddy/projects/iotctl/CMakeFiles/3.13.3/CompilerIdCXX/a.out"

Determining if the CXX compiler works passed with the following output:
Change Dir: /home/eddy/projects/iotctl/CMakeFiles/CMakeTmp

Run Build Command:"/usr/bin/make" "cmTC_4495c/fast"
/usr/bin/make -f CMakeFiles/cmTC_4495c.dir/build.make CMakeFiles/cmTC_4495c.dir/build
make[1]: Entering directory '/home/eddy/projects/iotctl/CMakeFiles/CMakeTmp'
Building CXX object CMakeFiles/cmTC_4495c.dir/testCXXCompiler.cxx.o
/opt/android-ndk/toolchains/llvm/prebuilt/linux-x86_64/bin/clang++     -o CMakeFiles/cmTC_4495c.dir/testCXXCompiler.cxx.o -c /home/eddy/projects/iotctl/CMakeFiles/CMakeTmp/testCXXCompiler.cxx
Linking CXX executable cmTC_4495c
/usr/bin/cmake -E cmake_link_script CMakeFiles/cmTC_4495c.dir/link.txt --verbose=1
/opt/android-ndk/toolchains/llvm/prebuilt/linux-x86_64/bin/clang++       -rdynamic CMakeFiles/cmTC_4495c.dir/testCXXCompiler.cxx.o  -o cmTC_4495c 
make[1]: Leaving directory '/home/eddy/projects/iotctl/CMakeFiles/CMakeTmp'


Detecting CXX compiler ABI info compiled with the following output:
Change Dir: /home/eddy/projects/iotctl/CMakeFiles/CMakeTmp

Run Build Command:"/usr/bin/make" "cmTC_6f32e/fast"
/usr/bin/make -f CMakeFiles/cmTC_6f32e.dir/build.make CMakeFiles/cmTC_6f32e.dir/build
make[1]: Entering directory '/home/eddy/projects/iotctl/CMakeFiles/CMakeTmp'
Building CXX object CMakeFiles/cmTC_6f32e.dir/CMakeCXXCompilerABI.cpp.o
/opt/android-ndk/toolchains/llvm/prebuilt/linux-x86_64/bin/clang++     -o CMakeFiles/cmTC_6f32e.dir/CMakeCXXCompilerABI.cpp.o -c /usr/share/cmake-3.13/Modules/CMakeCXXCompilerABI.cpp
Linking CXX executable cmTC_6f32e
/usr/bin/cmake -E cmake_link_script CMakeFiles/cmTC_6f32e.dir/link.txt --verbose=1
/opt/android-ndk/toolchains/llvm/prebuilt/linux-x86_64/bin/clang++      -v -rdynamic CMakeFiles/cmTC_6f32e.dir/CMakeCXXCompilerABI.cpp.o  -o cmTC_6f32e 
Android (5058415 based on r339409) clang version 8.0.2 (https://android.googlesource.com/toolchain/clang 40173bab62ec746213857d083c0e8b0abb568790) (https://android.googlesource.com/toolchain/llvm 7a6618d69e7e8111e1d49dc9e7813767c5ca756a) (based on LLVM 8.0.2svn)
Target: x86_64-unknown-linux-gnu
Thread model: posix
InstalledDir: /opt/android-ndk/toolchains/llvm/prebuilt/linux-x86_64/bin
Found candidate GCC installation: /usr/lib/gcc/x86_64-pc-linux-gnu/8.2.1
Found candidate GCC installation: /usr/lib64/gcc/x86_64-pc-linux-gnu/8.2.1
Selected GCC installation: /usr/lib64/gcc/x86_64-pc-linux-gnu/8.2.1
Candidate multilib: .;@m64
Candidate multilib: 32;@m32
Selected multilib: .;@m64
 "/usr/bin/ld" -export-dynamic --eh-frame-hdr -m elf_x86_64 -export-dynamic -dynamic-linker /lib64/ld-linux-x86-64.so.2 -o cmTC_6f32e /usr/lib64/gcc/x86_64-pc-linux-gnu/8.2.1/../../../../lib64/crt1.o /usr/lib64/gcc/x86_64-pc-linux-gnu/8.2.1/../../../../lib64/crti.o /usr/lib64/gcc/x86_64-pc-linux-gnu/8.2.1/crtbegin.o -L/opt/android-ndk/toolchains/llvm/prebuilt/linux-x86_64/lib64/clang/8.0.2/lib/linux/x86_64 -L/usr/lib64/gcc/x86_64-pc-linux-gnu/8.2.1 -L/usr/lib64/gcc/x86_64-pc-linux-gnu/8.2.1/../../../../lib64 -L/opt/android-ndk/toolchains/llvm/prebuilt/linux-x86_64/bin/../lib64 -L/lib/../lib64 -L/usr/lib/../lib64 -L/usr/lib64/gcc/x86_64-pc-linux-gnu/8.2.1/../../.. -L/opt/android-ndk/toolchains/llvm/prebuilt/linux-x86_64/bin/../lib -L/lib -L/usr/lib CMakeFiles/cmTC_6f32e.dir/CMakeCXXCompilerABI.cpp.o -lstdc++ -lm -lgcc_s -lgcc -lc -lgcc_s -lgcc /usr/lib64/gcc/x86_64-pc-linux-gnu/8.2.1/crtend.o /usr/lib64/gcc/x86_64-pc-linux-gnu/8.2.1/../../../../lib64/crtn.o
make[1]: Leaving directory '/home/eddy/projects/iotctl/CMakeFiles/CMakeTmp'


Parsed CXX implicit link information from above output:
  link line regex: [^( *|.*[/\])(ld|CMAKE_LINK_STARTFILE-NOTFOUND|([^/\]+-)?ld|collect2)[^/\]*( |$)]
  ignore line: [Change Dir: /home/eddy/projects/iotctl/CMakeFiles/CMakeTmp]
  ignore line: []
  ignore line: [Run Build Command:"/usr/bin/make" "cmTC_6f32e/fast"]
  ignore line: [/usr/bin/make -f CMakeFiles/cmTC_6f32e.dir/build.make CMakeFiles/cmTC_6f32e.dir/build]
  ignore line: [make[1]: Entering directory '/home/eddy/projects/iotctl/CMakeFiles/CMakeTmp']
  ignore line: [Building CXX object CMakeFiles/cmTC_6f32e.dir/CMakeCXXCompilerABI.cpp.o]
  ignore line: [/opt/android-ndk/toolchains/llvm/prebuilt/linux-x86_64/bin/clang++     -o CMakeFiles/cmTC_6f32e.dir/CMakeCXXCompilerABI.cpp.o -c /usr/share/cmake-3.13/Modules/CMakeCXXCompilerABI.cpp]
  ignore line: [Linking CXX executable cmTC_6f32e]
  ignore line: [/usr/bin/cmake -E cmake_link_script CMakeFiles/cmTC_6f32e.dir/link.txt --verbose=1]
  ignore line: [/opt/android-ndk/toolchains/llvm/prebuilt/linux-x86_64/bin/clang++      -v -rdynamic CMakeFiles/cmTC_6f32e.dir/CMakeCXXCompilerABI.cpp.o  -o cmTC_6f32e ]
  ignore line: [Android (5058415 based on r339409) clang version 8.0.2 (https://android.googlesource.com/toolchain/clang 40173bab62ec746213857d083c0e8b0abb568790) (https://android.googlesource.com/toolchain/llvm 7a6618d69e7e8111e1d49dc9e7813767c5ca756a) (based on LLVM 8.0.2svn)]
  ignore line: [Target: x86_64-unknown-linux-gnu]
  ignore line: [Thread model: posix]
  ignore line: [InstalledDir: /opt/android-ndk/toolchains/llvm/prebuilt/linux-x86_64/bin]
  ignore line: [Found candidate GCC installation: /usr/lib/gcc/x86_64-pc-linux-gnu/8.2.1]
  ignore line: [Found candidate GCC installation: /usr/lib64/gcc/x86_64-pc-linux-gnu/8.2.1]
  ignore line: [Selected GCC installation: /usr/lib64/gcc/x86_64-pc-linux-gnu/8.2.1]
  ignore line: [Candidate multilib: .]
  ignore line: [@m64]
  ignore line: [Candidate multilib: 32]
  ignore line: [@m32]
  ignore line: [Selected multilib: .]
  ignore line: [@m64]
  link line: [ "/usr/bin/ld" -export-dynamic --eh-frame-hdr -m elf_x86_64 -export-dynamic -dynamic-linker /lib64/ld-linux-x86-64.so.2 -o cmTC_6f32e /usr/lib64/gcc/x86_64-pc-linux-gnu/8.2.1/../../../../lib64/crt1.o /usr/lib64/gcc/x86_64-pc-linux-gnu/8.2.1/../../../../lib64/crti.o /usr/lib64/gcc/x86_64-pc-linux-gnu/8.2.1/crtbegin.o -L/opt/android-ndk/toolchains/llvm/prebuilt/linux-x86_64/lib64/clang/8.0.2/lib/linux/x86_64 -L/usr/lib64/gcc/x86_64-pc-linux-gnu/8.2.1 -L/usr/lib64/gcc/x86_64-pc-linux-gnu/8.2.1/../../../../lib64 -L/opt/android-ndk/toolchains/llvm/prebuilt/linux-x86_64/bin/../lib64 -L/lib/../lib64 -L/usr/lib/../lib64 -L/usr/lib64/gcc/x86_64-pc-linux-gnu/8.2.1/../../.. -L/opt/android-ndk/toolchains/llvm/prebuilt/linux-x86_64/bin/../lib -L/lib -L/usr/lib CMakeFiles/cmTC_6f32e.dir/CMakeCXXCompilerABI.cpp.o -lstdc++ -lm -lgcc_s -lgcc -lc -lgcc_s -lgcc /usr/lib64/gcc/x86_64-pc-linux-gnu/8.2.1/crtend.o /usr/lib64/gcc/x86_64-pc-linux-gnu/8.2.1/../../../../lib64/crtn.o]
    arg [/usr/bin/ld] ==> ignore
    arg [-export-dynamic] ==> ignore
    arg [--eh-frame-hdr] ==> ignore
    arg [-m] ==> ignore
    arg [elf_x86_64] ==> ignore
    arg [-export-dynamic] ==> ignore
    arg [-dynamic-linker] ==> ignore
    arg [/lib64/ld-linux-x86-64.so.2] ==> ignore
    arg [-o] ==> ignore
    arg [cmTC_6f32e] ==> ignore
    arg [/usr/lib64/gcc/x86_64-pc-linux-gnu/8.2.1/../../../../lib64/crt1.o] ==> ignore
    arg [/usr/lib64/gcc/x86_64-pc-linux-gnu/8.2.1/../../../../lib64/crti.o] ==> ignore
    arg [/usr/lib64/gcc/x86_64-pc-linux-gnu/8.2.1/crtbegin.o] ==> ignore
    arg [-L/opt/android-ndk/toolchains/llvm/prebuilt/linux-x86_64/lib64/clang/8.0.2/lib/linux/x86_64] ==> dir [/opt/android-ndk/toolchains/llvm/prebuilt/linux-x86_64/lib64/clang/8.0.2/lib/linux/x86_64]
    arg [-L/usr/lib64/gcc/x86_64-pc-linux-gnu/8.2.1] ==> dir [/usr/lib64/gcc/x86_64-pc-linux-gnu/8.2.1]
    arg [-L/usr/lib64/gcc/x86_64-pc-linux-gnu/8.2.1/../../../../lib64] ==> dir [/usr/lib64/gcc/x86_64-pc-linux-gnu/8.2.1/../../../../lib64]
    arg [-L/opt/android-ndk/toolchains/llvm/prebuilt/linux-x86_64/bin/../lib64] ==> dir [/opt/android-ndk/toolchains/llvm/prebuilt/linux-x86_64/bin/../lib64]
    arg [-L/lib/../lib64] ==> dir [/lib/../lib64]
    arg [-L/usr/lib/../lib64] ==> dir [/usr/lib/../lib64]
    arg [-L/usr/lib64/gcc/x86_64-pc-linux-gnu/8.2.1/../../..] ==> dir [/usr/lib64/gcc/x86_64-pc-linux-gnu/8.2.1/../../..]
    arg [-L/opt/android-ndk/toolchains/llvm/prebuilt/linux-x86_64/bin/../lib] ==> dir [/opt/android-ndk/toolchains/llvm/prebuilt/linux-x86_64/bin/../lib]
    arg [-L/lib] ==> dir [/lib]
    arg [-L/usr/lib] ==> dir [/usr/lib]
    arg [CMakeFiles/cmTC_6f32e.dir/CMakeCXXCompilerABI.cpp.o] ==> ignore
    arg [-lstdc++] ==> lib [stdc++]
    arg [-lm] ==> lib [m]
    arg [-lgcc_s] ==> lib [gcc_s]
    arg [-lgcc] ==> lib [gcc]
    arg [-lc] ==> lib [c]
    arg [-lgcc_s] ==> lib [gcc_s]
    arg [-lgcc] ==> lib [gcc]
    arg [/usr/lib64/gcc/x86_64-pc-linux-gnu/8.2.1/crtend.o] ==> ignore
    arg [/usr/lib64/gcc/x86_64-pc-linux-gnu/8.2.1/../../../../lib64/crtn.o] ==> ignore
  collapse library dir [/opt/android-ndk/toolchains/llvm/prebuilt/linux-x86_64/lib64/clang/8.0.2/lib/linux/x86_64] ==> [/opt/android-ndk/toolchains/llvm/prebuilt/linux-x86_64/lib64/clang/8.0.2/lib/linux/x86_64]
  collapse library dir [/usr/lib64/gcc/x86_64-pc-linux-gnu/8.2.1] ==> [/usr/lib64/gcc/x86_64-pc-linux-gnu/8.2.1]
  collapse library dir [/usr/lib64/gcc/x86_64-pc-linux-gnu/8.2.1/../../../../lib64] ==> [/usr/lib64]
  collapse library dir [/opt/android-ndk/toolchains/llvm/prebuilt/linux-x86_64/bin/../lib64] ==> [/opt/android-ndk/toolchains/llvm/prebuilt/linux-x86_64/lib64]
  collapse library dir [/lib/../lib64] ==> [/lib64]
  collapse library dir [/usr/lib/../lib64] ==> [/usr/lib64]
  collapse library dir [/usr/lib64/gcc/x86_64-pc-linux-gnu/8.2.1/../../..] ==> [/usr/lib64]
  collapse library dir [/opt/android-ndk/toolchains/llvm/prebuilt/linux-x86_64/bin/../lib] ==> [/opt/android-ndk/toolchains/llvm/prebuilt/linux-x86_64/lib]
  collapse library dir [/lib] ==> [/lib]
  collapse library dir [/usr/lib] ==> [/usr/lib]
  implicit libs: [stdc++;m;gcc_s;gcc;c;gcc_s;gcc]
  implicit dirs: [/opt/android-ndk/toolchains/llvm/prebuilt/linux-x86_64/lib64/clang/8.0.2/lib/linux/x86_64;/usr/lib64/gcc/x86_64-pc-linux-gnu/8.2.1;/usr/lib64;/opt/android-ndk/toolchains/llvm/prebuilt/linux-x86_64/lib64;/lib64;/opt/android-ndk/toolchains/llvm/prebuilt/linux-x86_64/lib;/lib;/usr/lib]
  implicit fwks: []




Detecting CXX [-std=c++2a] compiler features compiled with the following output:
Change Dir: /home/eddy/projects/iotctl/CMakeFiles/CMakeTmp

Run Build Command:"/usr/bin/make" "cmTC_4b6ea/fast"
/usr/bin/make -f CMakeFiles/cmTC_4b6ea.dir/build.make CMakeFiles/cmTC_4b6ea.dir/build
make[1]: Entering directory '/home/eddy/projects/iotctl/CMakeFiles/CMakeTmp'
Building CXX object CMakeFiles/cmTC_4b6ea.dir/feature_tests.cxx.o
/opt/android-ndk/toolchains/llvm/prebuilt/linux-x86_64/bin/clang++    -std=c++2a -o CMakeFiles/cmTC_4b6ea.dir/feature_tests.cxx.o -c /home/eddy/projects/iotctl/CMakeFiles/feature_tests.cxx
Linking CXX executable cmTC_4b6ea
/usr/bin/cmake -E cmake_link_script CMakeFiles/cmTC_4b6ea.dir/link.txt --verbose=1
/opt/android-ndk/toolchains/llvm/prebuilt/linux-x86_64/bin/clang++       -rdynamic CMakeFiles/cmTC_4b6ea.dir/feature_tests.cxx.o  -o cmTC_4b6ea 
make[1]: Leaving directory '/home/eddy/projects/iotctl/CMakeFiles/CMakeTmp'


    Feature record: CXX_FEATURE:1cxx_aggregate_default_initializers
    Feature record: CXX_FEATURE:1cxx_alias_templates
    Feature record: CXX_FEATURE:1cxx_alignas
    Feature record: CXX_FEATURE:1cxx_alignof
    Feature record: CXX_FEATURE:1cxx_attributes
    Feature record: CXX_FEATURE:1cxx_attribute_deprecated
    Feature record: CXX_FEATURE:1cxx_auto_type
    Feature record: CXX_FEATURE:1cxx_binary_literals
    Feature record: CXX_FEATURE:1cxx_constexpr
    Feature record: CXX_FEATURE:1cxx_contextual_conversions
    Feature record: CXX_FEATURE:1cxx_decltype
    Feature record: CXX_FEATURE:1cxx_decltype_auto
    Feature record: CXX_FEATURE:1cxx_decltype_incomplete_return_types
    Feature record: CXX_FEATURE:1cxx_default_function_template_args
    Feature record: CXX_FEATURE:1cxx_defaulted_functions
    Feature record: CXX_FEATURE:1cxx_defaulted_move_initializers
    Feature record: CXX_FEATURE:1cxx_delegating_constructors
    Feature record: CXX_FEATURE:1cxx_deleted_functions
    Feature record: CXX_FEATURE:1cxx_digit_separators
    Feature record: CXX_FEATURE:1cxx_enum_forward_declarations
    Feature record: CXX_FEATURE:1cxx_explicit_conversions
    Feature record: CXX_FEATURE:1cxx_extended_friend_declarations
    Feature record: CXX_FEATURE:1cxx_extern_templates
    Feature record: CXX_FEATURE:1cxx_final
    Feature record: CXX_FEATURE:1cxx_func_identifier
    Feature record: CXX_FEATURE:1cxx_generalized_initializers
    Feature record: CXX_FEATURE:1cxx_generic_lambdas
    Feature record: CXX_FEATURE:1cxx_inheriting_constructors
    Feature record: CXX_FEATURE:1cxx_inline_namespaces
    Feature record: CXX_FEATURE:1cxx_lambdas
    Feature record: CXX_FEATURE:1cxx_lambda_init_captures
    Feature record: CXX_FEATURE:1cxx_local_type_template_args
    Feature record: CXX_FEATURE:1cxx_long_long_type
    Feature record: CXX_FEATURE:1cxx_noexcept
    Feature record: CXX_FEATURE:1cxx_nonstatic_member_init
    Feature record: CXX_FEATURE:1cxx_nullptr
    Feature record: CXX_FEATURE:1cxx_override
    Feature record: CXX_FEATURE:1cxx_range_for
    Feature record: CXX_FEATURE:1cxx_raw_string_literals
    Feature record: CXX_FEATURE:1cxx_reference_qualified_functions
    Feature record: CXX_FEATURE:1cxx_relaxed_constexpr
    Feature record: CXX_FEATURE:1cxx_return_type_deduction
    Feature record: CXX_FEATURE:1cxx_right_angle_brackets
    Feature record: CXX_FEATURE:1cxx_rvalue_references
    Feature record: CXX_FEATURE:1cxx_sizeof_member
    Feature record: CXX_FEATURE:1cxx_static_assert
    Feature record: CXX_FEATURE:1cxx_strong_enums
    Feature record: CXX_FEATURE:1cxx_template_template_parameters
    Feature record: CXX_FEATURE:1cxx_thread_local
    Feature record: CXX_FEATURE:1cxx_trailing_return_types
    Feature record: CXX_FEATURE:1cxx_unicode_literals
    Feature record: CXX_FEATURE:1cxx_uniform_initialization
    Feature record: CXX_FEATURE:1cxx_unrestricted_unions
    Feature record: CXX_FEATURE:1cxx_user_literals
    Feature record: CXX_FEATURE:1cxx_variable_templates
    Feature record: CXX_FEATURE:1cxx_variadic_macros
    Feature record: CXX_FEATURE:1cxx_variadic_templates


Detecting CXX [-std=c++17] compiler features compiled with the following output:
Change Dir: /home/eddy/projects/iotctl/CMakeFiles/CMakeTmp

Run Build Command:"/usr/bin/make" "cmTC_2b17f/fast"
/usr/bin/make -f CMakeFiles/cmTC_2b17f.dir/build.make CMakeFiles/cmTC_2b17f.dir/build
make[1]: Entering directory '/home/eddy/projects/iotctl/CMakeFiles/CMakeTmp'
Building CXX object CMakeFiles/cmTC_2b17f.dir/feature_tests.cxx.o
/opt/android-ndk/toolchains/llvm/prebuilt/linux-x86_64/bin/clang++    -std=c++17 -o CMakeFiles/cmTC_2b17f.dir/feature_tests.cxx.o -c /home/eddy/projects/iotctl/CMakeFiles/feature_tests.cxx
Linking CXX executable cmTC_2b17f
/usr/bin/cmake -E cmake_link_script CMakeFiles/cmTC_2b17f.dir/link.txt --verbose=1
/opt/android-ndk/toolchains/llvm/prebuilt/linux-x86_64/bin/clang++       -rdynamic CMakeFiles/cmTC_2b17f.dir/feature_tests.cxx.o  -o cmTC_2b17f 
make[1]: Leaving directory '/home/eddy/projects/iotctl/CMakeFiles/CMakeTmp'


    Feature record: CXX_FEATURE:1cxx_aggregate_default_initializers
    Feature record: CXX_FEATURE:1cxx_alias_templates
    Feature record: CXX_FEATURE:1cxx_alignas
    Feature record: CXX_FEATURE:1cxx_alignof
    Feature record: CXX_FEATURE:1cxx_attributes
    Feature record: CXX_FEATURE:1cxx_attribute_deprecated
    Feature record: CXX_FEATURE:1cxx_auto_type
    Feature record: CXX_FEATURE:1cxx_binary_literals
    Feature record: CXX_FEATURE:1cxx_constexpr
    Feature record: CXX_FEATURE:1cxx_contextual_conversions
    Feature record: CXX_FEATURE:1cxx_decltype
    Feature record: CXX_FEATURE:1cxx_decltype_auto
    Feature record: CXX_FEATURE:1cxx_decltype_incomplete_return_types
    Feature record: CXX_FEATURE:1cxx_default_function_template_args
    Feature record: CXX_FEATURE:1cxx_defaulted_functions
    Feature record: CXX_FEATURE:1cxx_defaulted_move_initializers
    Feature record: CXX_FEATURE:1cxx_delegating_constructors
    Feature record: CXX_FEATURE:1cxx_deleted_functions
    Feature record: CXX_FEATURE:1cxx_digit_separators
    Feature record: CXX_FEATURE:1cxx_enum_forward_declarations
    Feature record: CXX_FEATURE:1cxx_explicit_conversions
    Feature record: CXX_FEATURE:1cxx_extended_friend_declarations
    Feature record: CXX_FEATURE:1cxx_extern_templates
    Feature record: CXX_FEATURE:1cxx_final
    Feature record: CXX_FEATURE:1cxx_func_identifier
    Feature record: CXX_FEATURE:1cxx_generalized_initializers
    Feature record: CXX_FEATURE:1cxx_generic_lambdas
    Feature record: CXX_FEATURE:1cxx_inheriting_constructors
    Feature record: CXX_FEATURE:1cxx_inline_namespaces
    Feature record: CXX_FEATURE:1cxx_lambdas
    Feature record: CXX_FEATURE:1cxx_lambda_init_captures
    Feature record: CXX_FEATURE:1cxx_local_type_template_args
    Feature record: CXX_FEATURE:1cxx_long_long_type
    Feature record: CXX_FEATURE:1cxx_noexcept
    Feature record: CXX_FEATURE:1cxx_nonstatic_member_init
    Feature record: CXX_FEATURE:1cxx_nullptr
    Feature record: CXX_FEATURE:1cxx_override
    Feature record: CXX_FEATURE:1cxx_range_for
    Feature record: CXX_FEATURE:1cxx_raw_string_literals
    Feature record: CXX_FEATURE:1cxx_reference_qualified_functions
    Feature record: CXX_FEATURE:1cxx_relaxed_constexpr
    Feature record: CXX_FEATURE:1cxx_return_type_deduction
    Feature record: CXX_FEATURE:1cxx_right_angle_brackets
    Feature record: CXX_FEATURE:1cxx_rvalue_references
    Feature record: CXX_FEATURE:1cxx_sizeof_member
    Feature record: CXX_FEATURE:1cxx_static_assert
    Feature record: CXX_FEATURE:1cxx_strong_enums
    Feature record: CXX_FEATURE:1cxx_template_template_parameters
    Feature record: CXX_FEATURE:1cxx_thread_local
    Feature record: CXX_FEATURE:1cxx_trailing_return_types
    Feature record: CXX_FEATURE:1cxx_unicode_literals
    Feature record: CXX_FEATURE:1cxx_uniform_initialization
    Feature record: CXX_FEATURE:1cxx_unrestricted_unions
    Feature record: CXX_FEATURE:1cxx_user_literals
    Feature record: CXX_FEATURE:1cxx_variable_templates
    Feature record: CXX_FEATURE:1cxx_variadic_macros
    Feature record: CXX_FEATURE:1cxx_variadic_templates


Detecting CXX [-std=c++14] compiler features compiled with the following output:
Change Dir: /home/eddy/projects/iotctl/CMakeFiles/CMakeTmp

Run Build Command:"/usr/bin/make" "cmTC_829dc/fast"
/usr/bin/make -f CMakeFiles/cmTC_829dc.dir/build.make CMakeFiles/cmTC_829dc.dir/build
make[1]: Entering directory '/home/eddy/projects/iotctl/CMakeFiles/CMakeTmp'
Building CXX object CMakeFiles/cmTC_829dc.dir/feature_tests.cxx.o
/opt/android-ndk/toolchains/llvm/prebuilt/linux-x86_64/bin/clang++    -std=c++14 -o CMakeFiles/cmTC_829dc.dir/feature_tests.cxx.o -c /home/eddy/projects/iotctl/CMakeFiles/feature_tests.cxx
Linking CXX executable cmTC_829dc
/usr/bin/cmake -E cmake_link_script CMakeFiles/cmTC_829dc.dir/link.txt --verbose=1
/opt/android-ndk/toolchains/llvm/prebuilt/linux-x86_64/bin/clang++       -rdynamic CMakeFiles/cmTC_829dc.dir/feature_tests.cxx.o  -o cmTC_829dc 
make[1]: Leaving directory '/home/eddy/projects/iotctl/CMakeFiles/CMakeTmp'


    Feature record: CXX_FEATURE:1cxx_aggregate_default_initializers
    Feature record: CXX_FEATURE:1cxx_alias_templates
    Feature record: CXX_FEATURE:1cxx_alignas
    Feature record: CXX_FEATURE:1cxx_alignof
    Feature record: CXX_FEATURE:1cxx_attributes
    Feature record: CXX_FEATURE:1cxx_attribute_deprecated
    Feature record: CXX_FEATURE:1cxx_auto_type
    Feature record: CXX_FEATURE:1cxx_binary_literals
    Feature record: CXX_FEATURE:1cxx_constexpr
    Feature record: CXX_FEATURE:1cxx_contextual_conversions
    Feature record: CXX_FEATURE:1cxx_decltype
    Feature record: CXX_FEATURE:1cxx_decltype_auto
    Feature record: CXX_FEATURE:1cxx_decltype_incomplete_return_types
    Feature record: CXX_FEATURE:1cxx_default_function_template_args
    Feature record: CXX_FEATURE:1cxx_defaulted_functions
    Feature record: CXX_FEATURE:1cxx_defaulted_move_initializers
    Feature record: CXX_FEATURE:1cxx_delegating_constructors
    Feature record: CXX_FEATURE:1cxx_deleted_functions
    Feature record: CXX_FEATURE:1cxx_digit_separators
    Feature record: CXX_FEATURE:1cxx_enum_forward_declarations
    Feature record: CXX_FEATURE:1cxx_explicit_conversions
    Feature record: CXX_FEATURE:1cxx_extended_friend_declarations
    Feature record: CXX_FEATURE:1cxx_extern_templates
    Feature record: CXX_FEATURE:1cxx_final
    Feature record: CXX_FEATURE:1cxx_func_identifier
    Feature record: CXX_FEATURE:1cxx_generalized_initializers
    Feature record: CXX_FEATURE:1cxx_generic_lambdas
    Feature record: CXX_FEATURE:1cxx_inheriting_constructors
    Feature record: CXX_FEATURE:1cxx_inline_namespaces
    Feature record: CXX_FEATURE:1cxx_lambdas
    Feature record: CXX_FEATURE:1cxx_lambda_init_captures
    Feature record: CXX_FEATURE:1cxx_local_type_template_args
    Feature record: CXX_FEATURE:1cxx_long_long_type
    Feature record: CXX_FEATURE:1cxx_noexcept
    Feature record: CXX_FEATURE:1cxx_nonstatic_member_init
    Feature record: CXX_FEATURE:1cxx_nullptr
    Feature record: CXX_FEATURE:1cxx_override
    Feature record: CXX_FEATURE:1cxx_range_for
    Feature record: CXX_FEATURE:1cxx_raw_string_literals
    Feature record: CXX_FEATURE:1cxx_reference_qualified_functions
    Feature record: CXX_FEATURE:1cxx_relaxed_constexpr
    Feature record: CXX_FEATURE:1cxx_return_type_deduction
    Feature record: CXX_FEATURE:1cxx_right_angle_brackets
    Feature record: CXX_FEATURE:1cxx_rvalue_references
    Feature record: CXX_FEATURE:1cxx_sizeof_member
    Feature record: CXX_FEATURE:1cxx_static_assert
    Feature record: CXX_FEATURE:1cxx_strong_enums
    Feature record: CXX_FEATURE:1cxx_template_template_parameters
    Feature record: CXX_FEATURE:1cxx_thread_local
    Feature record: CXX_FEATURE:1cxx_trailing_return_types
    Feature record: CXX_FEATURE:1cxx_unicode_literals
    Feature record: CXX_FEATURE:1cxx_uniform_initialization
    Feature record: CXX_FEATURE:1cxx_unrestricted_unions
    Feature record: CXX_FEATURE:1cxx_user_literals
    Feature record: CXX_FEATURE:1cxx_variable_templates
    Feature record: CXX_FEATURE:1cxx_variadic_macros
    Feature record: CXX_FEATURE:1cxx_variadic_templates


Detecting CXX [-std=c++11] compiler features compiled with the following output:
Change Dir: /home/eddy/projects/iotctl/CMakeFiles/CMakeTmp

Run Build Command:"/usr/bin/make" "cmTC_c087f/fast"
/usr/bin/make -f CMakeFiles/cmTC_c087f.dir/build.make CMakeFiles/cmTC_c087f.dir/build
make[1]: Entering directory '/home/eddy/projects/iotctl/CMakeFiles/CMakeTmp'
Building CXX object CMakeFiles/cmTC_c087f.dir/feature_tests.cxx.o
/opt/android-ndk/toolchains/llvm/prebuilt/linux-x86_64/bin/clang++    -std=c++11 -o CMakeFiles/cmTC_c087f.dir/feature_tests.cxx.o -c /home/eddy/projects/iotctl/CMakeFiles/feature_tests.cxx
Linking CXX executable cmTC_c087f
/usr/bin/cmake -E cmake_link_script CMakeFiles/cmTC_c087f.dir/link.txt --verbose=1
/opt/android-ndk/toolchains/llvm/prebuilt/linux-x86_64/bin/clang++       -rdynamic CMakeFiles/cmTC_c087f.dir/feature_tests.cxx.o  -o cmTC_c087f 
make[1]: Leaving directory '/home/eddy/projects/iotctl/CMakeFiles/CMakeTmp'


    Feature record: CXX_FEATURE:0cxx_aggregate_default_initializers
    Feature record: CXX_FEATURE:1cxx_alias_templates
    Feature record: CXX_FEATURE:1cxx_alignas
    Feature record: CXX_FEATURE:1cxx_alignof
    Feature record: CXX_FEATURE:1cxx_attributes
    Feature record: CXX_FEATURE:0cxx_attribute_deprecated
    Feature record: CXX_FEATURE:1cxx_auto_type
    Feature record: CXX_FEATURE:0cxx_binary_literals
    Feature record: CXX_FEATURE:1cxx_constexpr
    Feature record: CXX_FEATURE:0cxx_contextual_conversions
    Feature record: CXX_FEATURE:1cxx_decltype
    Feature record: CXX_FEATURE:0cxx_decltype_auto
    Feature record: CXX_FEATURE:1cxx_decltype_incomplete_return_types
    Feature record: CXX_FEATURE:1cxx_default_function_template_args
    Feature record: CXX_FEATURE:1cxx_defaulted_functions
    Feature record: CXX_FEATURE:1cxx_defaulted_move_initializers
    Feature record: CXX_FEATURE:1cxx_delegating_constructors
    Feature record: CXX_FEATURE:1cxx_deleted_functions
    Feature record: CXX_FEATURE:0cxx_digit_separators
    Feature record: CXX_FEATURE:1cxx_enum_forward_declarations
    Feature record: CXX_FEATURE:1cxx_explicit_conversions
    Feature record: CXX_FEATURE:1cxx_extended_friend_declarations
    Feature record: CXX_FEATURE:1cxx_extern_templates
    Feature record: CXX_FEATURE:1cxx_final
    Feature record: CXX_FEATURE:1cxx_func_identifier
    Feature record: CXX_FEATURE:1cxx_generalized_initializers
    Feature record: CXX_FEATURE:0cxx_generic_lambdas
    Feature record: CXX_FEATURE:1cxx_inheriting_constructors
    Feature record: CXX_FEATURE:1cxx_inline_namespaces
    Feature record: CXX_FEATURE:1cxx_lambdas
    Feature record: CXX_FEATURE:0cxx_lambda_init_captures
    Feature record: CXX_FEATURE:1cxx_local_type_template_args
    Feature record: CXX_FEATURE:1cxx_long_long_type
    Feature record: CXX_FEATURE:1cxx_noexcept
    Feature record: CXX_FEATURE:1cxx_nonstatic_member_init
    Feature record: CXX_FEATURE:1cxx_nullptr
    Feature record: CXX_FEATURE:1cxx_override
    Feature record: CXX_FEATURE:1cxx_range_for
    Feature record: CXX_FEATURE:1cxx_raw_string_literals
    Feature record: CXX_FEATURE:1cxx_reference_qualified_functions
    Feature record: CXX_FEATURE:0cxx_relaxed_constexpr
    Feature record: CXX_FEATURE:0cxx_return_type_deduction
    Feature record: CXX_FEATURE:1cxx_right_angle_brackets
    Feature record: CXX_FEATURE:1cxx_rvalue_references
    Feature record: CXX_FEATURE:1cxx_sizeof_member
    Feature record: CXX_FEATURE:1cxx_static_assert
    Feature record: CXX_FEATURE:1cxx_strong_enums
    Feature record: CXX_FEATURE:1cxx_template_template_parameters
    Feature record: CXX_FEATURE:1cxx_thread_local
    Feature record: CXX_FEATURE:1cxx_trailing_return_types
    Feature record: CXX_FEATURE:1cxx_unicode_literals
    Feature record: CXX_FEATURE:1cxx_uniform_initialization
    Feature record: CXX_FEATURE:1cxx_unrestricted_unions
    Feature record: CXX_FEATURE:1cxx_user_literals
    Feature record: CXX_FEATURE:0cxx_variable_templates
    Feature record: CXX_FEATURE:1cxx_variadic_macros
    Feature record: CXX_FEATURE:1cxx_variadic_templates


Detecting CXX [-std=c++98] compiler features compiled with the following output:
Change Dir: /home/eddy/projects/iotctl/CMakeFiles/CMakeTmp

Run Build Command:"/usr/bin/make" "cmTC_38829/fast"
/usr/bin/make -f CMakeFiles/cmTC_38829.dir/build.make CMakeFiles/cmTC_38829.dir/build
make[1]: Entering directory '/home/eddy/projects/iotctl/CMakeFiles/CMakeTmp'
Building CXX object CMakeFiles/cmTC_38829.dir/feature_tests.cxx.o
/opt/android-ndk/toolchains/llvm/prebuilt/linux-x86_64/bin/clang++    -std=c++98 -o CMakeFiles/cmTC_38829.dir/feature_tests.cxx.o -c /home/eddy/projects/iotctl/CMakeFiles/feature_tests.cxx
Linking CXX executable cmTC_38829
/usr/bin/cmake -E cmake_link_script CMakeFiles/cmTC_38829.dir/link.txt --verbose=1
/opt/android-ndk/toolchains/llvm/prebuilt/linux-x86_64/bin/clang++       -rdynamic CMakeFiles/cmTC_38829.dir/feature_tests.cxx.o  -o cmTC_38829 
make[1]: Leaving directory '/home/eddy/projects/iotctl/CMakeFiles/CMakeTmp'


    Feature record: CXX_FEATURE:0cxx_aggregate_default_initializers
    Feature record: CXX_FEATURE:0cxx_alias_templates
    Feature record: CXX_FEATURE:0cxx_alignas
    Feature record: CXX_FEATURE:0cxx_alignof
    Feature record: CXX_FEATURE:0cxx_attributes
    Feature record: CXX_FEATURE:0cxx_attribute_deprecated
    Feature record: CXX_FEATURE:0cxx_auto_type
    Feature record: CXX_FEATURE:0cxx_binary_literals
    Feature record: CXX_FEATURE:0cxx_constexpr
    Feature record: CXX_FEATURE:0cxx_contextual_conversions
    Feature record: CXX_FEATURE:0cxx_decltype
    Feature record: CXX_FEATURE:0cxx_decltype_auto
    Feature record: CXX_FEATURE:0cxx_decltype_incomplete_return_types
    Feature record: CXX_FEATURE:0cxx_default_function_template_args
    Feature record: CXX_FEATURE:0cxx_defaulted_functions
    Feature record: CXX_FEATURE:0cxx_defaulted_move_initializers
    Feature record: CXX_FEATURE:0cxx_delegating_constructors
    Feature record: CXX_FEATURE:0cxx_deleted_functions
    Feature record: CXX_FEATURE:0cxx_digit_separators
    Feature record: CXX_FEATURE:0cxx_enum_forward_declarations
    Feature record: CXX_FEATURE:0cxx_explicit_conversions
    Feature record: CXX_FEATURE:0cxx_extended_friend_declarations
    Feature record: CXX_FEATURE:0cxx_extern_templates
    Feature record: CXX_FEATURE:0cxx_final
    Feature record: CXX_FEATURE:0cxx_func_identifier
    Feature record: CXX_FEATURE:0cxx_generalized_initializers
    Feature record: CXX_FEATURE:0cxx_generic_lambdas
    Feature record: CXX_FEATURE:0cxx_inheriting_constructors
    Feature record: CXX_FEATURE:0cxx_inline_namespaces
    Feature record: CXX_FEATURE:0cxx_lambdas
    Feature record: CXX_FEATURE:0cxx_lambda_init_captures
    Feature record: CXX_FEATURE:0cxx_local_type_template_args
    Feature record: CXX_FEATURE:0cxx_long_long_type
    Feature record: CXX_FEATURE:0cxx_noexcept
    Feature record: CXX_FEATURE:0cxx_nonstatic_member_init
    Feature record: CXX_FEATURE:0cxx_nullptr
    Feature record: CXX_FEATURE:0cxx_override
    Feature record: CXX_FEATURE:0cxx_range_for
    Feature record: CXX_FEATURE:0cxx_raw_string_literals
    Feature record: CXX_FEATURE:0cxx_reference_qualified_functions
    Feature record: CXX_FEATURE:0cxx_relaxed_constexpr
    Feature record: CXX_FEATURE:0cxx_return_type_deduction
    Feature record: CXX_FEATURE:0cxx_right_angle_brackets
    Feature record: CXX_FEATURE:0cxx_rvalue_references
    Feature record: CXX_FEATURE:0cxx_sizeof_member
    Feature record: CXX_FEATURE:0cxx_static_assert
    Feature record: CXX_FEATURE:0cxx_strong_enums
    Feature record: CXX_FEATURE:1cxx_template_template_parameters
    Feature record: CXX_FEATURE:0cxx_thread_local
    Feature record: CXX_FEATURE:0cxx_trailing_return_types
    Feature record: CXX_FEATURE:0cxx_unicode_literals
    Feature record: CXX_FEATURE:0cxx_uniform_initialization
    Feature record: CXX_FEATURE:0cxx_unrestricted_unions
    Feature record: CXX_FEATURE:0cxx_user_literals
    Feature record: CXX_FEATURE:0cxx_variable_templates
    Feature record: CXX_FEATURE:0cxx_variadic_macros
    Feature record: CXX_FEATURE:0cxx_variadic_templates
